Using pre-set license
Built from '2020.2/release' branch; Version is '2020.2.0f1 (3721df5a8b28) revision 3613151'; Using compiler version '192528614'; Build Type 'Release'
OS: 'Windows 10  (10.0.0) 64bit' Language: 'tr' Physical Memory: 16241 MB
BatchMode: 1, IsHumanControllingUs: 0, StartBugReporterOnCrash: 0, Is64bit: 1, IsPro: 0

 COMMAND LINE ARGUMENTS:
C:\Program Files\UnityProjeler\2020.2.0f1\Editor\Unity.exe
-adb2
-batchMode
-noUpm
-name
AssetImportWorker0
-projectPath
C:/Git/Unity-Games/DortIslem
-logFile
Logs/AssetImportWorker0.log
-srvPort
55138
Successfully changed project path to: C:/Git/Unity-Games/DortIslem
C:/Git/Unity-Games/DortIslem
Using Asset Import Pipeline V2.
Refreshing native plugins compatible for Editor in 131.62 ms, found 1 plugins.
Preloading 0 native plugins for Editor in 0.00 ms.
Initialize engine version: 2020.2.0f1 (3721df5a8b28)
[Subsystems] Discovering subsystems at path C:/Program Files/UnityProjeler/2020.2.0f1/Editor/Data/Resources/UnitySubsystems
[Subsystems] Discovering subsystems at path C:/Git/Unity-Games/DortIslem/Assets
GfxDevice: creating device client; threaded=0
Direct3D:
    Version:  Direct3D 11.0 [level 11.1]
    Renderer: NVIDIA GeForce GTX 1650 (ID=0x1f91)
    Vendor:   
    VRAM:     3962 MB
    Driver:   27.21.14.6677
Initialize mono
Mono path[0] = 'C:/Program Files/UnityProjeler/2020.2.0f1/Editor/Data/Managed'
Mono path[1] = 'C:/Program Files/UnityProjeler/2020.2.0f1/Editor/Data/MonoBleedingEdge/lib/mono/unityjit'
Mono config path = 'C:/Program Files/UnityProjeler/2020.2.0f1/Editor/Data/MonoBleedingEdge/etc'
Using monoOptions --debugger-agent=transport=dt_socket,embedding=1,server=y,suspend=n,address=127.0.0.1:56776
Begin MonoManager ReloadAssembly
Registering precompiled unity dll's ...
Register platform support module: C:/Program Files/UnityProjeler/2020.2.0f1/Editor/Data/PlaybackEngines/WebGLSupport/UnityEditor.WebGL.Extensions.dll
Register platform support module: C:/Program Files/UnityProjeler/2020.2.0f1/Editor/Data/PlaybackEngines/WindowsStandaloneSupport/UnityEditor.WindowsStandalone.Extensions.dll
Registered in 0.013264 seconds.
Native extension for WindowsStandalone target not found
Native extension for WebGL target not found
Refreshing native plugins compatible for Editor in 103.95 ms, found 1 plugins.
Preloading 0 native plugins for Editor in 0.00 ms.
Invoked RoslynAnalysisRunner static constructor.
RoslynAnalysisRunner will not be running.
RoslynAnalysisRunner has terminated.
Mono: successfully reloaded assembly
- Completed reload, in  7.868 seconds
Platform modules already initialized, skipping
Registering precompiled user dll's ...
Registered in 0.005108 seconds.
Begin MonoManager ReloadAssembly
Native extension for WindowsStandalone target not found
Native extension for WebGL target not found
Refreshing native plugins compatible for Editor in 199.20 ms, found 1 plugins.
Preloading 0 native plugins for Editor in 0.00 ms.
Invoked RoslynAnalysisRunner static constructor.
RoslynAnalysisRunner will not be running.
RoslynAnalysisRunner has terminated.
Mono: successfully reloaded assembly
- Completed reload, in  3.193 seconds
Platform modules already initialized, skipping
========================================================================
Worker process is ready to serve import requests
Launched and connected shader compiler UnityShaderCompiler.exe after 0.14 seconds
Refreshing native plugins compatible for Editor in 0.40 ms, found 1 plugins.
Preloading 0 native plugins for Editor in 0.00 ms.
Unloading 1790 Unused Serialized files (Serialized files now loaded: 0)
System memory in use before: 83.7 MB.
System memory in use after: 83.6 MB.

Unloading 24 unused Assets to reduce memory usage. Loaded Objects now: 2229.
Total: 3.298100 ms (FindLiveObjects: 0.741100 ms CreateObjectMapping: 0.317200 ms MarkObjects: 2.109500 ms  DeleteObjects: 0.126600 ms)

========================================================================
Received Import Request.
  path: Assets/Fonts/PermanentMarker-Regular.ttf
  artifactKey: Guid(c9f942c3939a853448a2de129729d35f) Importer(815301076,1909f56bfc062723c751e8b465ee728b)
Start importing Assets/Fonts/PermanentMarker-Regular.ttf using Guid(c9f942c3939a853448a2de129729d35f) Importer(815301076,1909f56bfc062723c751e8b465ee728b)  -> (artifact id: 'c8297ea88844fb68daaaaf151b01c6cb') in 0.394025 seconds
  Import took 0.407195 seconds .

========================================================================
Received Import Request.
  Time since last request: 304.169344 seconds.
  path: Assets/Fonts/AmaticSC-Bold.ttf
  artifactKey: Guid(87f25a4051449a9489a72ab3619c789a) Importer(815301076,1909f56bfc062723c751e8b465ee728b)
Start importing Assets/Fonts/AmaticSC-Bold.ttf using Guid(87f25a4051449a9489a72ab3619c789a) Importer(815301076,1909f56bfc062723c751e8b465ee728b)  -> (artifact id: '8bf331f2361109627c656b389fb97da1') in 0.015696 seconds
  Import took 0.020725 seconds .

========================================================================
Received Import Request.
  Time since last request: 155.582687 seconds.
  path: Assets/Fonts/SedgwickAve-Regular.ttf
  artifactKey: Guid(eed41446b5c30524282511459a85d22c) Importer(815301076,1909f56bfc062723c751e8b465ee728b)
Start importing Assets/Fonts/SedgwickAve-Regular.ttf using Guid(eed41446b5c30524282511459a85d22c) Importer(815301076,1909f56bfc062723c751e8b465ee728b)  -> (artifact id: 'a85f5d0c6cfbd698cc87ca34edb04937') in 0.013548 seconds
  Import took 0.019671 seconds .

========================================================================
Received Import Request.
  Time since last request: 328.670576 seconds.
  path: Assets/Fonts/Some Time Later.otf
  artifactKey: Guid(c58618906ef04284b9911714c57225ef) Importer(815301076,1909f56bfc062723c751e8b465ee728b)
Start importing Assets/Fonts/Some Time Later.otf using Guid(c58618906ef04284b9911714c57225ef) Importer(815301076,1909f56bfc062723c751e8b465ee728b)  -> (artifact id: 'ac027314a11d8d7e24083baa740eda7a') in 0.017338 seconds
  Import took 0.021686 seconds .

========================================================================
Received Import Request.
  Time since last request: 66.688483 seconds.
  path: Assets/Fonts/FrederickatheGreat-Regular.ttf
  artifactKey: Guid(7bc6116240ab3a6449eb926ced6eb3df) Importer(815301076,1909f56bfc062723c751e8b465ee728b)
Start importing Assets/Fonts/FrederickatheGreat-Regular.ttf using Guid(7bc6116240ab3a6449eb926ced6eb3df) Importer(815301076,1909f56bfc062723c751e8b465ee728b)  -> (artifact id: 'ab3ba0a239dfe5f7d7030469d2c8b9aa') in 0.015162 seconds
  Import took 0.020557 seconds .

========================================================================
Received Import Request.
  Time since last request: 388.297299 seconds.
  path: Assets/Fonts/INLINESR.TTF
  artifactKey: Guid(cde0574c19bbd2e419d3f6f887bf92ed) Importer(815301076,1909f56bfc062723c751e8b465ee728b)
Start importing Assets/Fonts/INLINESR.TTF using Guid(cde0574c19bbd2e419d3f6f887bf92ed) Importer(815301076,1909f56bfc062723c751e8b465ee728b)  -> (artifact id: '0c51d541c132ba52e3d5acde0995fd2e') in 0.022420 seconds
  Import took 0.028318 seconds .

========================================================================
Received Import Request.
  Time since last request: 95.971422 seconds.
  path: Assets/Fonts/Linolschrift-Heavy.ttf
  artifactKey: Guid(f2b48dde577b32049b8996d63d1e0144) Importer(815301076,1909f56bfc062723c751e8b465ee728b)
Start importing Assets/Fonts/Linolschrift-Heavy.ttf using Guid(f2b48dde577b32049b8996d63d1e0144) Importer(815301076,1909f56bfc062723c751e8b465ee728b)  -> (artifact id: '9289e21a5fd6e248dcbeeb81fa7f4f49') in 0.015306 seconds
  Import took 0.020213 seconds .

========================================================================
Received Import Request.
  Time since last request: 112.932415 seconds.
  path: Assets/Scenes/Toplam.unity
  artifactKey: Guid(2cda990e2423bbf4892e6590ba056729) Importer(815301076,1909f56bfc062723c751e8b465ee728b)
Start importing Assets/Scenes/Toplam.unity using Guid(2cda990e2423bbf4892e6590ba056729) Importer(815301076,1909f56bfc062723c751e8b465ee728b)  -> (artifact id: '10b3c7a8900227b8b74ed77eeb620ea0') in 0.004020 seconds
  Import took 0.010040 seconds .

========================================================================
Received Import Request.
  Time since last request: 31.924215 seconds.
  path: Assets/Fonts/Linolschrift.ttf
  artifactKey: Guid(31f9c3fedb8a2f548b3777800d2b54b0) Importer(815301076,1909f56bfc062723c751e8b465ee728b)
Start importing Assets/Fonts/Linolschrift.ttf using Guid(31f9c3fedb8a2f548b3777800d2b54b0) Importer(815301076,1909f56bfc062723c751e8b465ee728b)  -> (artifact id: 'a743b75a36b97ac87a702d3e155dc185') in 0.013704 seconds
  Import took 0.018089 seconds .

========================================================================
Received Import Request.
  Time since last request: 29.511831 seconds.
  path: Assets/Scenes/Fark.unity
  artifactKey: Guid(8d2209d3cd7ccdc42a1c05b70df83644) Importer(815301076,1909f56bfc062723c751e8b465ee728b)
Start importing Assets/Scenes/Fark.unity using Guid(8d2209d3cd7ccdc42a1c05b70df83644) Importer(815301076,1909f56bfc062723c751e8b465ee728b)  -> (artifact id: '8f499800043955b11248a3dffcc4a2e6') in 0.003247 seconds
  Import took 0.010109 seconds .

========================================================================
Received Import Request.
  Time since last request: 397.175806 seconds.
  path: Assets/Scenes/Giris.unity
  artifactKey: Guid(9e8def841623a9f48b4bba7939b0a897) Importer(815301076,1909f56bfc062723c751e8b465ee728b)
Start importing Assets/Scenes/Giris.unity using Guid(9e8def841623a9f48b4bba7939b0a897) Importer(815301076,1909f56bfc062723c751e8b465ee728b)  -> (artifact id: '04825911bed9fcf027e170f1aae2e2bc') in 0.003486 seconds
  Import took 0.007940 seconds .

========================================================================
Received Import Request.
  Time since last request: 461.916050 seconds.
  path: Assets/Scenes/Toplam.unity
  artifactKey: Guid(2cda990e2423bbf4892e6590ba056729) Importer(815301076,1909f56bfc062723c751e8b465ee728b)
Start importing Assets/Scenes/Toplam.unity using Guid(2cda990e2423bbf4892e6590ba056729) Importer(815301076,1909f56bfc062723c751e8b465ee728b)  -> (artifact id: '870df5d20ae1c2a5eb2ba12ebc92b91d') in 0.003160 seconds
  Import took 0.008805 seconds .

========================================================================
Received Import Request.
  Time since last request: 1006.273313 seconds.
  path: Assets/Images/cubuk.png
  artifactKey: Guid(e9e8347c815e7c34587b6f3ac113511a) Importer(815301076,1909f56bfc062723c751e8b465ee728b)
Start importing Assets/Images/cubuk.png using Guid(e9e8347c815e7c34587b6f3ac113511a) Importer(815301076,1909f56bfc062723c751e8b465ee728b)  -> (artifact id: '2b880d4200c37c288be43e7ef01f1f9f') in 0.113259 seconds
  Import took 0.118839 seconds .

========================================================================
Received Import Request.
  Time since last request: 167.634551 seconds.
  path: Assets/Images/cubuk1.png
  artifactKey: Guid(bea8eefd3090c6e4db593f8666849a77) Importer(815301076,1909f56bfc062723c751e8b465ee728b)
Start importing Assets/Images/cubuk1.png using Guid(bea8eefd3090c6e4db593f8666849a77) Importer(815301076,1909f56bfc062723c751e8b465ee728b)  -> (artifact id: 'c9aab18528f447957ad709e5893b60a9') in 0.013021 seconds
  Import took 0.020214 seconds .

========================================================================
Received Import Request.
  Time since last request: 295.084339 seconds.
  path: Assets/Images/toplam.png
  artifactKey: Guid(1cd3339e0efc1334595132e9f7458f28) Importer(815301076,1909f56bfc062723c751e8b465ee728b)
Start importing Assets/Images/toplam.png using Guid(1cd3339e0efc1334595132e9f7458f28) Importer(815301076,1909f56bfc062723c751e8b465ee728b)  -> (artifact id: '0cc1d26b4fc0d232607c0e3f08fceeab') in 0.018163 seconds
  Import took 0.023758 seconds .

========================================================================
Received Import Request.
  Time since last request: 208.986338 seconds.
  path: Assets/Scripts/Toplama.cs
  artifactKey: Guid(6c49e54a4308d5d40b4a6d4edd64152a) Importer(815301076,1909f56bfc062723c751e8b465ee728b)
Start importing Assets/Scripts/Toplama.cs using Guid(6c49e54a4308d5d40b4a6d4edd64152a) Importer(815301076,1909f56bfc062723c751e8b465ee728b)  -> (artifact id: '0c98f9175413bd4b9036ebd0520f91f3') in 0.016289 seconds
  Import took 0.023893 seconds .

========================================================================
Received Prepare
Registering precompiled user dll's ...
Registered in 0.001164 seconds.
Begin MonoManager ReloadAssembly
Native extension for WindowsStandalone target not found
Native extension for WebGL target not found
Refreshing native plugins compatible for Editor in 0.36 ms, found 1 plugins.
Preloading 0 native plugins for Editor in 0.00 ms.
Invoked RoslynAnalysisRunner static constructor.
RoslynAnalysisRunner will not be running.
RoslynAnalysisRunner has terminated.
Mono: successfully reloaded assembly
- Completed reload, in  0.902 seconds
Platform modules already initialized, skipping
Refreshing native plugins compatible for Editor in 0.37 ms, found 1 plugins.
Preloading 0 native plugins for Editor in 0.00 ms.
Unloading 1788 Unused Serialized files (Serialized files now loaded: 0)
System memory in use before: 87.3 MB.
System memory in use after: 87.3 MB.

Unloading 12 unused Assets to reduce memory usage. Loaded Objects now: 2284.
Total: 3.312100 ms (FindLiveObjects: 0.400200 ms CreateObjectMapping: 0.110400 ms MarkObjects: 2.585300 ms  DeleteObjects: 0.213800 ms)

========================================================================
Received Prepare
Registering precompiled user dll's ...
Registered in 0.001973 seconds.
Begin MonoManager ReloadAssembly
Native extension for WindowsStandalone target not found
Native extension for WebGL target not found
Refreshing native plugins compatible for Editor in 0.35 ms, found 1 plugins.
Preloading 0 native plugins for Editor in 0.00 ms.
Invoked RoslynAnalysisRunner static constructor.
RoslynAnalysisRunner will not be running.
RoslynAnalysisRunner has terminated.
Mono: successfully reloaded assembly
- Completed reload, in  0.988 seconds
Platform modules already initialized, skipping
Refreshing native plugins compatible for Editor in 0.68 ms, found 1 plugins.
Preloading 0 native plugins for Editor in 0.00 ms.
Unloading 1789 Unused Serialized files (Serialized files now loaded: 0)
System memory in use before: 87.4 MB.
System memory in use after: 87.4 MB.

Unloading 12 unused Assets to reduce memory usage. Loaded Objects now: 2287.
Total: 1.845600 ms (FindLiveObjects: 0.181900 ms CreateObjectMapping: 0.053000 ms MarkObjects: 1.523900 ms  DeleteObjects: 0.085500 ms)

========================================================================
Received Prepare
Registering precompiled user dll's ...
Registered in 0.001092 seconds.
Begin MonoManager ReloadAssembly
Native extension for WindowsStandalone target not found
Native extension for WebGL target not found
Refreshing native plugins compatible for Editor in 0.50 ms, found 1 plugins.
Preloading 0 native plugins for Editor in 0.00 ms.
Invoked RoslynAnalysisRunner static constructor.
RoslynAnalysisRunner will not be running.
RoslynAnalysisRunner has terminated.
Mono: successfully reloaded assembly
- Completed reload, in  0.912 seconds
Platform modules already initialized, skipping
Refreshing native plugins compatible for Editor in 0.48 ms, found 1 plugins.
Preloading 0 native plugins for Editor in 0.00 ms.
Unloading 1789 Unused Serialized files (Serialized files now loaded: 0)
System memory in use before: 87.5 MB.
System memory in use after: 87.5 MB.

Unloading 12 unused Assets to reduce memory usage. Loaded Objects now: 2290.
Total: 2.190900 ms (FindLiveObjects: 0.189800 ms CreateObjectMapping: 0.061600 ms MarkObjects: 1.840000 ms  DeleteObjects: 0.098400 ms)

========================================================================
Received Prepare
Registering precompiled user dll's ...
Registered in 0.002047 seconds.
Begin MonoManager ReloadAssembly
Native extension for WindowsStandalone target not found
Native extension for WebGL target not found
Refreshing native plugins compatible for Editor in 0.35 ms, found 1 plugins.
Preloading 0 native plugins for Editor in 0.00 ms.
Invoked RoslynAnalysisRunner static constructor.
RoslynAnalysisRunner will not be running.
RoslynAnalysisRunner has terminated.
Mono: successfully reloaded assembly
- Completed reload, in  0.952 seconds
Platform modules already initialized, skipping
Refreshing native plugins compatible for Editor in 0.41 ms, found 1 plugins.
Preloading 0 native plugins for Editor in 0.00 ms.
Unloading 1789 Unused Serialized files (Serialized files now loaded: 0)
System memory in use before: 87.6 MB.
System memory in use after: 87.6 MB.

Unloading 12 unused Assets to reduce memory usage. Loaded Objects now: 2293.
Total: 1.900200 ms (FindLiveObjects: 0.153700 ms CreateObjectMapping: 0.049400 ms MarkObjects: 1.608100 ms  DeleteObjects: 0.087900 ms)

========================================================================
Received Prepare
Registering precompiled user dll's ...
Registered in 0.001075 seconds.
Begin MonoManager ReloadAssembly
Native extension for WindowsStandalone target not found
Native extension for WebGL target not found
Refreshing native plugins compatible for Editor in 0.52 ms, found 1 plugins.
Preloading 0 native plugins for Editor in 0.00 ms.
Invoked RoslynAnalysisRunner static constructor.
RoslynAnalysisRunner will not be running.
RoslynAnalysisRunner has terminated.
Mono: successfully reloaded assembly
- Completed reload, in  0.884 seconds
Platform modules already initialized, skipping
Refreshing native plugins compatible for Editor in 0.36 ms, found 1 plugins.
Preloading 0 native plugins for Editor in 0.00 ms.
Unloading 1789 Unused Serialized files (Serialized files now loaded: 0)
System memory in use before: 87.7 MB.
System memory in use after: 87.7 MB.

Unloading 12 unused Assets to reduce memory usage. Loaded Objects now: 2296.
Total: 2.167100 ms (FindLiveObjects: 0.262800 ms CreateObjectMapping: 0.088000 ms MarkObjects: 1.684900 ms  DeleteObjects: 0.130200 ms)

========================================================================
Received Prepare
Registering precompiled user dll's ...
Registered in 0.001067 seconds.
Begin MonoManager ReloadAssembly
Native extension for WindowsStandalone target not found
Native extension for WebGL target not found
Refreshing native plugins compatible for Editor in 0.47 ms, found 1 plugins.
Preloading 0 native plugins for Editor in 0.00 ms.
Invoked RoslynAnalysisRunner static constructor.
RoslynAnalysisRunner will not be running.
RoslynAnalysisRunner has terminated.
Mono: successfully reloaded assembly
- Completed reload, in  0.970 seconds
Platform modules already initialized, skipping
Refreshing native plugins compatible for Editor in 0.40 ms, found 1 plugins.
Preloading 0 native plugins for Editor in 0.00 ms.
Unloading 1789 Unused Serialized files (Serialized files now loaded: 0)
System memory in use before: 87.8 MB.
System memory in use after: 87.8 MB.

Unloading 12 unused Assets to reduce memory usage. Loaded Objects now: 2299.
Total: 2.679600 ms (FindLiveObjects: 0.320000 ms CreateObjectMapping: 0.085900 ms MarkObjects: 2.170900 ms  DeleteObjects: 0.101000 ms)

========================================================================
Received Prepare
Registering precompiled user dll's ...
Registered in 0.001445 seconds.
Begin MonoManager ReloadAssembly
Native extension for WindowsStandalone target not found
Native extension for WebGL target not found
Refreshing native plugins compatible for Editor in 0.79 ms, found 1 plugins.
Preloading 0 native plugins for Editor in 0.00 ms.
Invoked RoslynAnalysisRunner static constructor.
RoslynAnalysisRunner will not be running.
RoslynAnalysisRunner has terminated.
Mono: successfully reloaded assembly
- Completed reload, in  0.917 seconds
Platform modules already initialized, skipping
Refreshing native plugins compatible for Editor in 0.33 ms, found 1 plugins.
Preloading 0 native plugins for Editor in 0.00 ms.
Unloading 1789 Unused Serialized files (Serialized files now loaded: 0)
System memory in use before: 87.9 MB.
System memory in use after: 87.9 MB.

Unloading 12 unused Assets to reduce memory usage. Loaded Objects now: 2302.
Total: 2.935200 ms (FindLiveObjects: 0.233700 ms CreateObjectMapping: 0.121700 ms MarkObjects: 2.460900 ms  DeleteObjects: 0.117200 ms)

========================================================================
Received Prepare
Registering precompiled user dll's ...
Registered in 0.001137 seconds.
Begin MonoManager ReloadAssembly
Native extension for WindowsStandalone target not found
Native extension for WebGL target not found
Refreshing native plugins compatible for Editor in 0.32 ms, found 1 plugins.
Preloading 0 native plugins for Editor in 0.00 ms.
Invoked RoslynAnalysisRunner static constructor.
RoslynAnalysisRunner will not be running.
RoslynAnalysisRunner has terminated.
Mono: successfully reloaded assembly
- Completed reload, in  0.994 seconds
Platform modules already initialized, skipping
Refreshing native plugins compatible for Editor in 0.37 ms, found 1 plugins.
Preloading 0 native plugins for Editor in 0.00 ms.
Unloading 1789 Unused Serialized files (Serialized files now loaded: 0)
System memory in use before: 87.9 MB.
System memory in use after: 87.9 MB.

Unloading 12 unused Assets to reduce memory usage. Loaded Objects now: 2305.
Total: 2.460900 ms (FindLiveObjects: 0.350900 ms CreateObjectMapping: 0.052100 ms MarkObjects: 1.957300 ms  DeleteObjects: 0.097700 ms)

========================================================================
Received Prepare
Registering precompiled user dll's ...
Registered in 0.002501 seconds.
Begin MonoManager ReloadAssembly
Native extension for WindowsStandalone target not found
Native extension for WebGL target not found
Refreshing native plugins compatible for Editor in 0.33 ms, found 1 plugins.
Preloading 0 native plugins for Editor in 0.00 ms.
Invoked RoslynAnalysisRunner static constructor.
RoslynAnalysisRunner will not be running.
RoslynAnalysisRunner has terminated.
Mono: successfully reloaded assembly
- Completed reload, in  0.944 seconds
Platform modules already initialized, skipping
Refreshing native plugins compatible for Editor in 0.40 ms, found 1 plugins.
Preloading 0 native plugins for Editor in 0.00 ms.
Unloading 1789 Unused Serialized files (Serialized files now loaded: 0)
System memory in use before: 88.0 MB.
System memory in use after: 88.0 MB.

Unloading 12 unused Assets to reduce memory usage. Loaded Objects now: 2308.
Total: 2.066700 ms (FindLiveObjects: 0.254400 ms CreateObjectMapping: 0.075200 ms MarkObjects: 1.644500 ms  DeleteObjects: 0.091400 ms)

========================================================================
Received Prepare
Registering precompiled user dll's ...
Registered in 0.001026 seconds.
Begin MonoManager ReloadAssembly
Native extension for WindowsStandalone target not found
Native extension for WebGL target not found
Refreshing native plugins compatible for Editor in 0.34 ms, found 1 plugins.
Preloading 0 native plugins for Editor in 0.00 ms.
Invoked RoslynAnalysisRunner static constructor.
RoslynAnalysisRunner will not be running.
RoslynAnalysisRunner has terminated.
Mono: successfully reloaded assembly
- Completed reload, in  0.932 seconds
Platform modules already initialized, skipping
Refreshing native plugins compatible for Editor in 0.35 ms, found 1 plugins.
Preloading 0 native plugins for Editor in 0.00 ms.
Unloading 1789 Unused Serialized files (Serialized files now loaded: 0)
System memory in use before: 88.1 MB.
System memory in use after: 88.1 MB.

Unloading 12 unused Assets to reduce memory usage. Loaded Objects now: 2311.
Total: 2.666500 ms (FindLiveObjects: 0.177400 ms CreateObjectMapping: 0.062600 ms MarkObjects: 2.278400 ms  DeleteObjects: 0.146900 ms)

========================================================================
Received Prepare
Registering precompiled user dll's ...
Registered in 0.001038 seconds.
Begin MonoManager ReloadAssembly
Native extension for WindowsStandalone target not found
Native extension for WebGL target not found
Refreshing native plugins compatible for Editor in 0.32 ms, found 1 plugins.
Preloading 0 native plugins for Editor in 0.00 ms.
Invoked RoslynAnalysisRunner static constructor.
RoslynAnalysisRunner will not be running.
RoslynAnalysisRunner has terminated.
Mono: successfully reloaded assembly
- Completed reload, in  0.925 seconds
Platform modules already initialized, skipping
Refreshing native plugins compatible for Editor in 0.91 ms, found 1 plugins.
Preloading 0 native plugins for Editor in 0.00 ms.
Unloading 1789 Unused Serialized files (Serialized files now loaded: 0)
System memory in use before: 88.2 MB.
System memory in use after: 88.2 MB.

Unloading 12 unused Assets to reduce memory usage. Loaded Objects now: 2314.
Total: 3.350900 ms (FindLiveObjects: 0.289600 ms CreateObjectMapping: 0.114300 ms MarkObjects: 2.786700 ms  DeleteObjects: 0.158500 ms)

========================================================================
Received Prepare
Registering precompiled user dll's ...
Registered in 0.001148 seconds.
Begin MonoManager ReloadAssembly
Native extension for WindowsStandalone target not found
Native extension for WebGL target not found
Refreshing native plugins compatible for Editor in 0.33 ms, found 1 plugins.
Preloading 0 native plugins for Editor in 0.00 ms.
Invoked RoslynAnalysisRunner static constructor.
RoslynAnalysisRunner will not be running.
RoslynAnalysisRunner has terminated.
Mono: successfully reloaded assembly
- Completed reload, in  1.144 seconds
Platform modules already initialized, skipping
Refreshing native plugins compatible for Editor in 0.46 ms, found 1 plugins.
Preloading 0 native plugins for Editor in 0.00 ms.
Unloading 1789 Unused Serialized files (Serialized files now loaded: 0)
System memory in use before: 88.3 MB.
System memory in use after: 88.3 MB.

Unloading 12 unused Assets to reduce memory usage. Loaded Objects now: 2317.
Total: 2.910200 ms (FindLiveObjects: 0.311500 ms CreateObjectMapping: 0.128500 ms MarkObjects: 2.334300 ms  DeleteObjects: 0.133800 ms)

========================================================================
Received Prepare
Registering precompiled user dll's ...
Registered in 0.001553 seconds.
Begin MonoManager ReloadAssembly
Native extension for WindowsStandalone target not found
Native extension for WebGL target not found
Refreshing native plugins compatible for Editor in 0.57 ms, found 1 plugins.
Preloading 0 native plugins for Editor in 0.00 ms.
Invoked RoslynAnalysisRunner static constructor.
RoslynAnalysisRunner will not be running.
RoslynAnalysisRunner has terminated.
Mono: successfully reloaded assembly
- Completed reload, in  1.133 seconds
Platform modules already initialized, skipping
Refreshing native plugins compatible for Editor in 0.36 ms, found 1 plugins.
Preloading 0 native plugins for Editor in 0.00 ms.
Unloading 1789 Unused Serialized files (Serialized files now loaded: 0)
System memory in use before: 88.3 MB.
System memory in use after: 88.3 MB.

Unloading 12 unused Assets to reduce memory usage. Loaded Objects now: 2320.
Total: 2.132300 ms (FindLiveObjects: 0.170800 ms CreateObjectMapping: 0.061400 ms MarkObjects: 1.808400 ms  DeleteObjects: 0.090900 ms)

========================================================================
Received Prepare
Registering precompiled user dll's ...
Registered in 0.001120 seconds.
Begin MonoManager ReloadAssembly
Native extension for WindowsStandalone target not found
Native extension for WebGL target not found
Refreshing native plugins compatible for Editor in 0.34 ms, found 1 plugins.
Preloading 0 native plugins for Editor in 0.00 ms.
Invoked RoslynAnalysisRunner static constructor.
RoslynAnalysisRunner will not be running.
RoslynAnalysisRunner has terminated.
Mono: successfully reloaded assembly
- Completed reload, in  1.033 seconds
Platform modules already initialized, skipping
Refreshing native plugins compatible for Editor in 0.33 ms, found 1 plugins.
Preloading 0 native plugins for Editor in 0.00 ms.
Unloading 1789 Unused Serialized files (Serialized files now loaded: 0)
System memory in use before: 88.4 MB.
System memory in use after: 88.4 MB.

Unloading 12 unused Assets to reduce memory usage. Loaded Objects now: 2323.
Total: 2.614000 ms (FindLiveObjects: 0.321300 ms CreateObjectMapping: 0.127900 ms MarkObjects: 2.046200 ms  DeleteObjects: 0.117200 ms)

========================================================================
Received Prepare
Registering precompiled user dll's ...
Registered in 0.001084 seconds.
Begin MonoManager ReloadAssembly
Native extension for WindowsStandalone target not found
Native extension for WebGL target not found
Refreshing native plugins compatible for Editor in 0.33 ms, found 1 plugins.
Preloading 0 native plugins for Editor in 0.00 ms.
Invoked RoslynAnalysisRunner static constructor.
RoslynAnalysisRunner will not be running.
RoslynAnalysisRunner has terminated.
Mono: successfully reloaded assembly
- Completed reload, in  0.973 seconds
Platform modules already initialized, skipping
Refreshing native plugins compatible for Editor in 0.33 ms, found 1 plugins.
Preloading 0 native plugins for Editor in 0.00 ms.
Unloading 1789 Unused Serialized files (Serialized files now loaded: 0)
System memory in use before: 88.5 MB.
System memory in use after: 88.5 MB.

Unloading 12 unused Assets to reduce memory usage. Loaded Objects now: 2326.
Total: 2.006200 ms (FindLiveObjects: 0.181700 ms CreateObjectMapping: 0.056600 ms MarkObjects: 1.679600 ms  DeleteObjects: 0.086800 ms)

========================================================================
Received Prepare
Registering precompiled user dll's ...
Registered in 0.002125 seconds.
Begin MonoManager ReloadAssembly
Native extension for WindowsStandalone target not found
Native extension for WebGL target not found
Refreshing native plugins compatible for Editor in 0.69 ms, found 1 plugins.
Preloading 0 native plugins for Editor in 0.00 ms.
Invoked RoslynAnalysisRunner static constructor.
RoslynAnalysisRunner will not be running.
RoslynAnalysisRunner has terminated.
Mono: successfully reloaded assembly
- Completed reload, in  1.011 seconds
Platform modules already initialized, skipping
Refreshing native plugins compatible for Editor in 0.38 ms, found 1 plugins.
Preloading 0 native plugins for Editor in 0.00 ms.
Unloading 1789 Unused Serialized files (Serialized files now loaded: 0)
System memory in use before: 88.6 MB.
System memory in use after: 88.6 MB.

Unloading 12 unused Assets to reduce memory usage. Loaded Objects now: 2329.
Total: 1.893800 ms (FindLiveObjects: 0.187400 ms CreateObjectMapping: 0.053400 ms MarkObjects: 1.563400 ms  DeleteObjects: 0.088500 ms)

========================================================================
Received Prepare
Registering precompiled user dll's ...
Registered in 0.001088 seconds.
Begin MonoManager ReloadAssembly
Native extension for WindowsStandalone target not found
Native extension for WebGL target not found
Refreshing native plugins compatible for Editor in 0.33 ms, found 1 plugins.
Preloading 0 native plugins for Editor in 0.00 ms.
Invoked RoslynAnalysisRunner static constructor.
RoslynAnalysisRunner will not be running.
RoslynAnalysisRunner has terminated.
Mono: successfully reloaded assembly
- Completed reload, in  1.152 seconds
Platform modules already initialized, skipping
Refreshing native plugins compatible for Editor in 0.32 ms, found 1 plugins.
Preloading 0 native plugins for Editor in 0.00 ms.
Unloading 1789 Unused Serialized files (Serialized files now loaded: 0)
System memory in use before: 88.7 MB.
System memory in use after: 88.7 MB.

Unloading 12 unused Assets to reduce memory usage. Loaded Objects now: 2332.
Total: 2.188300 ms (FindLiveObjects: 0.191100 ms CreateObjectMapping: 0.061200 ms MarkObjects: 1.852000 ms  DeleteObjects: 0.083000 ms)

========================================================================
Received Prepare
Registering precompiled user dll's ...
Registered in 0.001295 seconds.
Begin MonoManager ReloadAssembly
Native extension for WindowsStandalone target not found
Native extension for WebGL target not found
Refreshing native plugins compatible for Editor in 0.39 ms, found 1 plugins.
Preloading 0 native plugins for Editor in 0.00 ms.
Invoked RoslynAnalysisRunner static constructor.
RoslynAnalysisRunner will not be running.
RoslynAnalysisRunner has terminated.
Mono: successfully reloaded assembly
- Completed reload, in  1.272 seconds
Platform modules already initialized, skipping
Refreshing native plugins compatible for Editor in 0.68 ms, found 1 plugins.
Preloading 0 native plugins for Editor in 0.00 ms.
Unloading 1789 Unused Serialized files (Serialized files now loaded: 0)
System memory in use before: 88.7 MB.
System memory in use after: 88.7 MB.

Unloading 12 unused Assets to reduce memory usage. Loaded Objects now: 2335.
Total: 2.739900 ms (FindLiveObjects: 0.265200 ms CreateObjectMapping: 0.073400 ms MarkObjects: 2.312100 ms  DeleteObjects: 0.087700 ms)

========================================================================
Received Prepare
Registering precompiled user dll's ...
Registered in 0.001196 seconds.
Begin MonoManager ReloadAssembly
Native extension for WindowsStandalone target not found
Native extension for WebGL target not found
Refreshing native plugins compatible for Editor in 1.96 ms, found 1 plugins.
Preloading 0 native plugins for Editor in 0.00 ms.
Invoked RoslynAnalysisRunner static constructor.
RoslynAnalysisRunner will not be running.
RoslynAnalysisRunner has terminated.
Mono: successfully reloaded assembly
- Completed reload, in  1.249 seconds
Platform modules already initialized, skipping
Refreshing native plugins compatible for Editor in 0.68 ms, found 1 plugins.
Preloading 0 native plugins for Editor in 0.00 ms.
Unloading 1789 Unused Serialized files (Serialized files now loaded: 0)
System memory in use before: 88.8 MB.
System memory in use after: 88.8 MB.

Unloading 12 unused Assets to reduce memory usage. Loaded Objects now: 2338.
Total: 2.908000 ms (FindLiveObjects: 0.342600 ms CreateObjectMapping: 0.138400 ms MarkObjects: 2.331400 ms  DeleteObjects: 0.094000 ms)

========================================================================
Received Prepare
Registering precompiled user dll's ...
Registered in 0.001080 seconds.
Begin MonoManager ReloadAssembly
Native extension for WindowsStandalone target not found
Native extension for WebGL target not found
Refreshing native plugins compatible for Editor in 0.38 ms, found 1 plugins.
Preloading 0 native plugins for Editor in 0.00 ms.
Invoked RoslynAnalysisRunner static constructor.
RoslynAnalysisRunner will not be running.
RoslynAnalysisRunner has terminated.
Mono: successfully reloaded assembly
- Completed reload, in  1.061 seconds
Platform modules already initialized, skipping
Refreshing native plugins compatible for Editor in 0.35 ms, found 1 plugins.
Preloading 0 native plugins for Editor in 0.00 ms.
Unloading 1789 Unused Serialized files (Serialized files now loaded: 0)
System memory in use before: 88.9 MB.
System memory in use after: 88.9 MB.

Unloading 12 unused Assets to reduce memory usage. Loaded Objects now: 2341.
Total: 2.202100 ms (FindLiveObjects: 0.186000 ms CreateObjectMapping: 0.055300 ms MarkObjects: 1.871600 ms  DeleteObjects: 0.088100 ms)

========================================================================
Received Prepare
Registering precompiled user dll's ...
Registered in 0.001292 seconds.
Begin MonoManager ReloadAssembly
Native extension for WindowsStandalone target not found
Native extension for WebGL target not found
Refreshing native plugins compatible for Editor in 0.33 ms, found 1 plugins.
Preloading 0 native plugins for Editor in 0.00 ms.
Invoked RoslynAnalysisRunner static constructor.
RoslynAnalysisRunner will not be running.
RoslynAnalysisRunner has terminated.
Mono: successfully reloaded assembly
- Completed reload, in  1.305 seconds
Platform modules already initialized, skipping
Refreshing native plugins compatible for Editor in 0.36 ms, found 1 plugins.
Preloading 0 native plugins for Editor in 0.00 ms.
Unloading 1789 Unused Serialized files (Serialized files now loaded: 0)
System memory in use before: 89.0 MB.
System memory in use after: 89.0 MB.

Unloading 12 unused Assets to reduce memory usage. Loaded Objects now: 2344.
Total: 4.315100 ms (FindLiveObjects: 0.363700 ms CreateObjectMapping: 0.135100 ms MarkObjects: 3.507300 ms  DeleteObjects: 0.306600 ms)

========================================================================
Received Prepare
Registering precompiled user dll's ...
Registered in 0.001060 seconds.
Begin MonoManager ReloadAssembly
Native extension for WindowsStandalone target not found
Native extension for WebGL target not found
Refreshing native plugins compatible for Editor in 0.47 ms, found 1 plugins.
Preloading 0 native plugins for Editor in 0.00 ms.
Invoked RoslynAnalysisRunner static constructor.
RoslynAnalysisRunner will not be running.
RoslynAnalysisRunner has terminated.
Mono: successfully reloaded assembly
- Completed reload, in  1.264 seconds
Platform modules already initialized, skipping
Refreshing native plugins compatible for Editor in 0.32 ms, found 1 plugins.
Preloading 0 native plugins for Editor in 0.00 ms.
Unloading 1789 Unused Serialized files (Serialized files now loaded: 0)
System memory in use before: 89.1 MB.
System memory in use after: 89.1 MB.

Unloading 12 unused Assets to reduce memory usage. Loaded Objects now: 2347.
Total: 2.143300 ms (FindLiveObjects: 0.207000 ms CreateObjectMapping: 0.055600 ms MarkObjects: 1.793600 ms  DeleteObjects: 0.086200 ms)

========================================================================
Received Prepare
Registering precompiled user dll's ...
Registered in 0.002198 seconds.
Begin MonoManager ReloadAssembly
Native extension for WindowsStandalone target not found
Native extension for WebGL target not found
Refreshing native plugins compatible for Editor in 0.33 ms, found 1 plugins.
Preloading 0 native plugins for Editor in 0.00 ms.
Invoked RoslynAnalysisRunner static constructor.
RoslynAnalysisRunner will not be running.
RoslynAnalysisRunner has terminated.
Mono: successfully reloaded assembly
- Completed reload, in  1.133 seconds
Platform modules already initialized, skipping
Refreshing native plugins compatible for Editor in 0.32 ms, found 1 plugins.
Preloading 0 native plugins for Editor in 0.00 ms.
Unloading 1789 Unused Serialized files (Serialized files now loaded: 0)
System memory in use before: 89.1 MB.
System memory in use after: 89.1 MB.

Unloading 12 unused Assets to reduce memory usage. Loaded Objects now: 2350.
Total: 2.151600 ms (FindLiveObjects: 0.186200 ms CreateObjectMapping: 0.064200 ms MarkObjects: 1.816100 ms  DeleteObjects: 0.084200 ms)

========================================================================
Received Prepare
Registering precompiled user dll's ...
Registered in 0.001072 seconds.
Begin MonoManager ReloadAssembly
Native extension for WindowsStandalone target not found
Native extension for WebGL target not found
Refreshing native plugins compatible for Editor in 0.32 ms, found 1 plugins.
Preloading 0 native plugins for Editor in 0.00 ms.
Invoked RoslynAnalysisRunner static constructor.
RoslynAnalysisRunner will not be running.
RoslynAnalysisRunner has terminated.
Mono: successfully reloaded assembly
- Completed reload, in  1.234 seconds
Platform modules already initialized, skipping
Refreshing native plugins compatible for Editor in 0.35 ms, found 1 plugins.
Preloading 0 native plugins for Editor in 0.00 ms.
Unloading 1789 Unused Serialized files (Serialized files now loaded: 0)
System memory in use before: 89.2 MB.
System memory in use after: 89.2 MB.

Unloading 12 unused Assets to reduce memory usage. Loaded Objects now: 2353.
Total: 2.087700 ms (FindLiveObjects: 0.178100 ms CreateObjectMapping: 0.052100 ms MarkObjects: 1.775000 ms  DeleteObjects: 0.081600 ms)

========================================================================
Received Prepare
Registering precompiled user dll's ...
Registered in 0.001102 seconds.
Begin MonoManager ReloadAssembly
Native extension for WindowsStandalone target not found
Native extension for WebGL target not found
Refreshing native plugins compatible for Editor in 0.34 ms, found 1 plugins.
Preloading 0 native plugins for Editor in 0.00 ms.
Invoked RoslynAnalysisRunner static constructor.
RoslynAnalysisRunner will not be running.
RoslynAnalysisRunner has terminated.
Mono: successfully reloaded assembly
- Completed reload, in  1.315 seconds
Platform modules already initialized, skipping
Refreshing native plugins compatible for Editor in 0.68 ms, found 1 plugins.
Preloading 0 native plugins for Editor in 0.00 ms.
Unloading 1789 Unused Serialized files (Serialized files now loaded: 0)
System memory in use before: 89.3 MB.
System memory in use after: 89.3 MB.

Unloading 12 unused Assets to reduce memory usage. Loaded Objects now: 2356.
Total: 2.169300 ms (FindLiveObjects: 0.216800 ms CreateObjectMapping: 0.076500 ms MarkObjects: 1.644000 ms  DeleteObjects: 0.230900 ms)

========================================================================
Received Prepare
Registering precompiled user dll's ...
Registered in 0.001058 seconds.
Begin MonoManager ReloadAssembly
Native extension for WindowsStandalone target not found
Native extension for WebGL target not found
Refreshing native plugins compatible for Editor in 0.34 ms, found 1 plugins.
Preloading 0 native plugins for Editor in 0.00 ms.
Invoked RoslynAnalysisRunner static constructor.
RoslynAnalysisRunner will not be running.
RoslynAnalysisRunner has terminated.
Mono: successfully reloaded assembly
- Completed reload, in  1.144 seconds
Platform modules already initialized, skipping
Refreshing native plugins compatible for Editor in 0.59 ms, found 1 plugins.
Preloading 0 native plugins for Editor in 0.00 ms.
Unloading 1789 Unused Serialized files (Serialized files now loaded: 0)
System memory in use before: 89.4 MB.
System memory in use after: 89.4 MB.

Unloading 12 unused Assets to reduce memory usage. Loaded Objects now: 2359.
Total: 2.320300 ms (FindLiveObjects: 0.242300 ms CreateObjectMapping: 0.068200 ms MarkObjects: 1.913600 ms  DeleteObjects: 0.094600 ms)

========================================================================
Received Prepare
Registering precompiled user dll's ...
Registered in 0.001337 seconds.
Begin MonoManager ReloadAssembly
Native extension for WindowsStandalone target not found
Native extension for WebGL target not found
Refreshing native plugins compatible for Editor in 0.34 ms, found 1 plugins.
Preloading 0 native plugins for Editor in 0.00 ms.
Invoked RoslynAnalysisRunner static constructor.
RoslynAnalysisRunner will not be running.
RoslynAnalysisRunner has terminated.
Mono: successfully reloaded assembly
- Completed reload, in  1.279 seconds
Platform modules already initialized, skipping
Refreshing native plugins compatible for Editor in 0.32 ms, found 1 plugins.
Preloading 0 native plugins for Editor in 0.00 ms.
Unloading 1789 Unused Serialized files (Serialized files now loaded: 0)
System memory in use before: 89.4 MB.
System memory in use after: 89.4 MB.

Unloading 12 unused Assets to reduce memory usage. Loaded Objects now: 2362.
Total: 2.518700 ms (FindLiveObjects: 0.202800 ms CreateObjectMapping: 0.062700 ms MarkObjects: 2.167600 ms  DeleteObjects: 0.084200 ms)

========================================================================
Received Prepare
Registering precompiled user dll's ...
Registered in 0.001082 seconds.
Begin MonoManager ReloadAssembly
Native extension for WindowsStandalone target not found
Native extension for WebGL target not found
Refreshing native plugins compatible for Editor in 0.34 ms, found 1 plugins.
Preloading 0 native plugins for Editor in 0.00 ms.
Invoked RoslynAnalysisRunner static constructor.
RoslynAnalysisRunner will not be running.
RoslynAnalysisRunner has terminated.
Mono: successfully reloaded assembly
- Completed reload, in  1.085 seconds
Platform modules already initialized, skipping
Refreshing native plugins compatible for Editor in 0.32 ms, found 1 plugins.
Preloading 0 native plugins for Editor in 0.00 ms.
Unloading 1789 Unused Serialized files (Serialized files now loaded: 0)
System memory in use before: 88.5 MB.
System memory in use after: 88.5 MB.

Unloading 12 unused Assets to reduce memory usage. Loaded Objects now: 2365.
Total: 2.117900 ms (FindLiveObjects: 0.205600 ms CreateObjectMapping: 0.050900 ms MarkObjects: 1.774400 ms  DeleteObjects: 0.086100 ms)

========================================================================
Received Prepare
Registering precompiled user dll's ...
Registered in 0.001346 seconds.
Begin MonoManager ReloadAssembly
Native extension for WindowsStandalone target not found
Native extension for WebGL target not found
Refreshing native plugins compatible for Editor in 0.33 ms, found 1 plugins.
Preloading 0 native plugins for Editor in 0.00 ms.
Invoked RoslynAnalysisRunner static constructor.
RoslynAnalysisRunner will not be running.
RoslynAnalysisRunner has terminated.
Mono: successfully reloaded assembly
- Completed reload, in  1.276 seconds
Platform modules already initialized, skipping
Refreshing native plugins compatible for Editor in 0.32 ms, found 1 plugins.
Preloading 0 native plugins for Editor in 0.00 ms.
Unloading 1789 Unused Serialized files (Serialized files now loaded: 0)
System memory in use before: 88.6 MB.
System memory in use after: 88.6 MB.

Unloading 12 unused Assets to reduce memory usage. Loaded Objects now: 2368.
Total: 1.931900 ms (FindLiveObjects: 0.183500 ms CreateObjectMapping: 0.063300 ms MarkObjects: 1.598800 ms  DeleteObjects: 0.085400 ms)

========================================================================
Received Import Request.
  Time since last request: 6109.536550 seconds.
  path: Assets/Images/rect1505.png
  artifactKey: Guid(599dbed54e71a654caa44859f9266e04) Importer(815301076,1909f56bfc062723c751e8b465ee728b)
Start importing Assets/Images/rect1505.png using Guid(599dbed54e71a654caa44859f9266e04) Importer(815301076,1909f56bfc062723c751e8b465ee728b)  -> (artifact id: '49ba5b6d914cab91b721e55b2bc5743c') in 0.060056 seconds
  Import took 0.065235 seconds .

========================================================================
Received Import Request.
  Time since last request: 138.913591 seconds.
  path: Assets/Scenes/Bolme.unity
  artifactKey: Guid(34128df37a5f8ab409bb44ef5fc8b523) Importer(815301076,1909f56bfc062723c751e8b465ee728b)
Start importing Assets/Scenes/Bolme.unity using Guid(34128df37a5f8ab409bb44ef5fc8b523) Importer(815301076,1909f56bfc062723c751e8b465ee728b)  -> (artifact id: 'ce24ee0623bc296ee1e1a374137b9627') in 0.004341 seconds
  Import took 0.010166 seconds .

========================================================================
Received Import Request.
  Time since last request: 7.591575 seconds.
  path: Assets/Scenes/Toplam 1.unity
  artifactKey: Guid(4be953f81e009d54d85616ea119f290d) Importer(815301076,1909f56bfc062723c751e8b465ee728b)
Start importing Assets/Scenes/Toplam 1.unity using Guid(4be953f81e009d54d85616ea119f290d) Importer(815301076,1909f56bfc062723c751e8b465ee728b)  -> (artifact id: '492076911654b6a0642804489786d1c1') in 0.004608 seconds
  Import took 0.009780 seconds .

========================================================================
Received Import Request.
  Time since last request: 0.004144 seconds.
  path: Assets/Scenes/Toplam 1.unity
  artifactKey: Guid(4be953f81e009d54d85616ea119f290d) Importer(815301076,1909f56bfc062723c751e8b465ee728b)
Start importing Assets/Scenes/Toplam 1.unity using Guid(4be953f81e009d54d85616ea119f290d) Importer(815301076,1909f56bfc062723c751e8b465ee728b)  -> (artifact id: '492076911654b6a0642804489786d1c1') in 0.002947 seconds
  Import took 0.008929 seconds .

========================================================================
Received Import Request.
  Time since last request: 0.307251 seconds.
  path: Assets/Scenes/Toplam 2.unity
  artifactKey: Guid(72c1e010e4ae7b4488fa86ba97e73bf9) Importer(815301076,1909f56bfc062723c751e8b465ee728b)
Start importing Assets/Scenes/Toplam 2.unity using Guid(72c1e010e4ae7b4488fa86ba97e73bf9) Importer(815301076,1909f56bfc062723c751e8b465ee728b)  -> (artifact id: '8a47cd11edb26adb866b6cab41ca12c3') in 0.003983 seconds
  Import took 0.010746 seconds .

========================================================================
Received Import Request.
  Time since last request: 0.007902 seconds.
  path: Assets/Scenes/Toplam 2.unity
  artifactKey: Guid(72c1e010e4ae7b4488fa86ba97e73bf9) Importer(815301076,1909f56bfc062723c751e8b465ee728b)
Start importing Assets/Scenes/Toplam 2.unity using Guid(72c1e010e4ae7b4488fa86ba97e73bf9) Importer(815301076,1909f56bfc062723c751e8b465ee728b)  -> (artifact id: '8a47cd11edb26adb866b6cab41ca12c3') in 0.003768 seconds
  Import took 0.009402 seconds .

========================================================================
Received Import Request.
  Time since last request: 0.291590 seconds.
  path: Assets/Scenes/Toplam 3.unity
  artifactKey: Guid(f3874ed4a5e33b4458ed0150a5393321) Importer(815301076,1909f56bfc062723c751e8b465ee728b)
Start importing Assets/Scenes/Toplam 3.unity using Guid(f3874ed4a5e33b4458ed0150a5393321) Importer(815301076,1909f56bfc062723c751e8b465ee728b)  -> (artifact id: '9cef8fb3acd94c8f322468341e2763b4') in 0.005354 seconds
  Import took 0.010054 seconds .

========================================================================
Received Import Request.
  Time since last request: 12.015909 seconds.
  path: Assets/Scenes/Fark.unity
  artifactKey: Guid(4be953f81e009d54d85616ea119f290d) Importer(815301076,1909f56bfc062723c751e8b465ee728b)
Start importing Assets/Scenes/Fark.unity using Guid(4be953f81e009d54d85616ea119f290d) Importer(815301076,1909f56bfc062723c751e8b465ee728b)  -> (artifact id: '34327f30df7640a27dd18a47a1b97c32') in 0.003908 seconds
  Import took 0.010483 seconds .

========================================================================
Received Import Request.
  Time since last request: 19.715956 seconds.
  path: Assets/Scenes/Toplam.unity
  artifactKey: Guid(2cda990e2423bbf4892e6590ba056729) Importer(815301076,1909f56bfc062723c751e8b465ee728b)
Start importing Assets/Scenes/Toplam.unity using Guid(2cda990e2423bbf4892e6590ba056729) Importer(815301076,1909f56bfc062723c751e8b465ee728b)  -> (artifact id: '70a5dfc9f55a6b891558ec61cabd2b32') in 0.002834 seconds
  Import took 0.010080 seconds .

========================================================================
Received Import Request.
  Time since last request: 3.680738 seconds.
  path: Assets/Scenes/Toplam 1.unity
  artifactKey: Guid(58b1ad9dd2d9b944bb0b9c071e2b0bef) Importer(815301076,1909f56bfc062723c751e8b465ee728b)
Start importing Assets/Scenes/Toplam 1.unity using Guid(58b1ad9dd2d9b944bb0b9c071e2b0bef) Importer(815301076,1909f56bfc062723c751e8b465ee728b)  -> (artifact id: '95fdefabb9dd3e3101197dec2194f7c9') in 0.003092 seconds
  Import took 0.009640 seconds .

========================================================================
Received Import Request.
  Time since last request: 0.252134 seconds.
  path: Assets/Scenes/Toplam 2.unity
  artifactKey: Guid(eeb18613ea277834ca2335f6639765b5) Importer(815301076,1909f56bfc062723c751e8b465ee728b)
Start importing Assets/Scenes/Toplam 2.unity using Guid(eeb18613ea277834ca2335f6639765b5) Importer(815301076,1909f56bfc062723c751e8b465ee728b)  -> (artifact id: 'b3bd477510389cbdc54d7ed0c34db343') in 0.005300 seconds
  Import took 0.011467 seconds .

========================================================================
Received Import Request.
  Time since last request: 0.001368 seconds.
  path: Assets/Scenes/Toplam 2.unity
  artifactKey: Guid(eeb18613ea277834ca2335f6639765b5) Importer(815301076,1909f56bfc062723c751e8b465ee728b)
Start importing Assets/Scenes/Toplam 2.unity using Guid(eeb18613ea277834ca2335f6639765b5) Importer(815301076,1909f56bfc062723c751e8b465ee728b)  -> (artifact id: 'b3bd477510389cbdc54d7ed0c34db343') in 0.003469 seconds
  Import took 0.009353 seconds .

========================================================================
Received Import Request.
  Time since last request: 0.258297 seconds.
  path: Assets/Scenes/Toplam 3.unity
  artifactKey: Guid(04531e071985d1b4c926677db1cdf5a2) Importer(815301076,1909f56bfc062723c751e8b465ee728b)
Start importing Assets/Scenes/Toplam 3.unity using Guid(04531e071985d1b4c926677db1cdf5a2) Importer(815301076,1909f56bfc062723c751e8b465ee728b)  -> (artifact id: 'fbe15ffbca9b345040bf9e5338083a87') in 0.004159 seconds
  Import took 0.010270 seconds .

========================================================================
Received Import Request.
  Time since last request: 0.002517 seconds.
  path: Assets/Scenes/Toplam 3.unity
  artifactKey: Guid(04531e071985d1b4c926677db1cdf5a2) Importer(815301076,1909f56bfc062723c751e8b465ee728b)
Start importing Assets/Scenes/Toplam 3.unity using Guid(04531e071985d1b4c926677db1cdf5a2) Importer(815301076,1909f56bfc062723c751e8b465ee728b)  -> (artifact id: 'fbe15ffbca9b345040bf9e5338083a87') in 0.003491 seconds
  Import took 0.008633 seconds .

========================================================================
Received Import Request.
  Time since last request: 6.011856 seconds.
  path: Assets/Scenes/Fark.unity
  artifactKey: Guid(58b1ad9dd2d9b944bb0b9c071e2b0bef) Importer(815301076,1909f56bfc062723c751e8b465ee728b)
Start importing Assets/Scenes/Fark.unity using Guid(58b1ad9dd2d9b944bb0b9c071e2b0bef) Importer(815301076,1909f56bfc062723c751e8b465ee728b)  -> (artifact id: '436d139ec55dbe8bd61c3fb710cc60ed') in 0.002835 seconds
  Import took 0.010546 seconds .

========================================================================
Received Import Request.
  Time since last request: 105.411064 seconds.
  path: Assets/Images/fark.png
  artifactKey: Guid(5decf34113f494a4d8f358cbb92b1a78) Importer(815301076,1909f56bfc062723c751e8b465ee728b)
Start importing Assets/Images/fark.png using Guid(5decf34113f494a4d8f358cbb92b1a78) Importer(815301076,1909f56bfc062723c751e8b465ee728b)  -> (artifact id: '6a24e33cf4b018a5a8535d0e70509b48') in 0.016269 seconds
  Import took 0.022656 seconds .

========================================================================
Received Import Request.
  Time since last request: 54.696895 seconds.
  path: Assets/Scripts/Cikarma.cs
  artifactKey: Guid(d9efdd6653c1f214bbc45b3935fe1730) Importer(815301076,1909f56bfc062723c751e8b465ee728b)
Start importing Assets/Scripts/Cikarma.cs using Guid(d9efdd6653c1f214bbc45b3935fe1730) Importer(815301076,1909f56bfc062723c751e8b465ee728b)  -> (artifact id: 'a28a846c00ea6764f00115c758da9159') in 0.002956 seconds
  Import took 0.008753 seconds .

========================================================================
Received Import Request.
  Time since last request: 0.000962 seconds.
  path: Assets/Scripts/Cikarma.cs
  artifactKey: Guid(d9efdd6653c1f214bbc45b3935fe1730) Importer(815301076,1909f56bfc062723c751e8b465ee728b)
Start importing Assets/Scripts/Cikarma.cs using Guid(d9efdd6653c1f214bbc45b3935fe1730) Importer(815301076,1909f56bfc062723c751e8b465ee728b)  -> (artifact id: 'a28a846c00ea6764f00115c758da9159') in 0.002761 seconds
  Import took 0.008461 seconds .

========================================================================
Received Prepare
Registering precompiled user dll's ...
Registered in 0.001992 seconds.
Begin MonoManager ReloadAssembly
Native extension for WindowsStandalone target not found
Native extension for WebGL target not found
Refreshing native plugins compatible for Editor in 0.33 ms, found 1 plugins.
Preloading 0 native plugins for Editor in 0.00 ms.
Invoked RoslynAnalysisRunner static constructor.
RoslynAnalysisRunner will not be running.
RoslynAnalysisRunner has terminated.
Mono: successfully reloaded assembly
- Completed reload, in  1.231 seconds
Platform modules already initialized, skipping
Refreshing native plugins compatible for Editor in 0.53 ms, found 1 plugins.
Preloading 0 native plugins for Editor in 0.00 ms.
Unloading 1790 Unused Serialized files (Serialized files now loaded: 0)
System memory in use before: 88.8 MB.
System memory in use after: 88.8 MB.

Unloading 12 unused Assets to reduce memory usage. Loaded Objects now: 2376.
Total: 6.429700 ms (FindLiveObjects: 0.407100 ms CreateObjectMapping: 0.161300 ms MarkObjects: 3.939400 ms  DeleteObjects: 1.919000 ms)

========================================================================
Received Prepare
Registering precompiled user dll's ...
Registered in 0.001123 seconds.
Begin MonoManager ReloadAssembly
Native extension for WindowsStandalone target not found
Native extension for WebGL target not found
Refreshing native plugins compatible for Editor in 0.34 ms, found 1 plugins.
Preloading 0 native plugins for Editor in 0.00 ms.
Invoked RoslynAnalysisRunner static constructor.
RoslynAnalysisRunner will not be running.
RoslynAnalysisRunner has terminated.
Mono: successfully reloaded assembly
- Completed reload, in  1.073 seconds
Platform modules already initialized, skipping
Refreshing native plugins compatible for Editor in 0.35 ms, found 1 plugins.
Preloading 0 native plugins for Editor in 0.00 ms.
Unloading 1790 Unused Serialized files (Serialized files now loaded: 0)
System memory in use before: 88.8 MB.
System memory in use after: 88.8 MB.

Unloading 12 unused Assets to reduce memory usage. Loaded Objects now: 2379.
Total: 2.088200 ms (FindLiveObjects: 0.213900 ms CreateObjectMapping: 0.086500 ms MarkObjects: 1.700200 ms  DeleteObjects: 0.085900 ms)

========================================================================
Received Import Request.
  Time since last request: 75.531644 seconds.
  path: Assets/Scripts/Cikarma.cs
  artifactKey: Guid(d9efdd6653c1f214bbc45b3935fe1730) Importer(815301076,1909f56bfc062723c751e8b465ee728b)
Start importing Assets/Scripts/Cikarma.cs using Guid(d9efdd6653c1f214bbc45b3935fe1730) Importer(815301076,1909f56bfc062723c751e8b465ee728b)  -> (artifact id: '488f93648090bbdf2aa371de76b016cc') in 0.004477 seconds
  Import took 0.009063 seconds .

========================================================================
Received Prepare
Registering precompiled user dll's ...
Registered in 0.001161 seconds.
Begin MonoManager ReloadAssembly
Native extension for WindowsStandalone target not found
Native extension for WebGL target not found
Refreshing native plugins compatible for Editor in 0.62 ms, found 1 plugins.
Preloading 0 native plugins for Editor in 0.00 ms.
Invoked RoslynAnalysisRunner static constructor.
RoslynAnalysisRunner will not be running.
RoslynAnalysisRunner has terminated.
Mono: successfully reloaded assembly
- Completed reload, in  1.147 seconds
Platform modules already initialized, skipping
Refreshing native plugins compatible for Editor in 0.44 ms, found 1 plugins.
Preloading 0 native plugins for Editor in 0.00 ms.
Unloading 1790 Unused Serialized files (Serialized files now loaded: 0)
System memory in use before: 88.9 MB.
System memory in use after: 88.9 MB.

Unloading 12 unused Assets to reduce memory usage. Loaded Objects now: 2382.
Total: 3.501200 ms (FindLiveObjects: 0.608800 ms CreateObjectMapping: 0.218300 ms MarkObjects: 2.578800 ms  DeleteObjects: 0.093000 ms)

========================================================================
Received Prepare
Registering precompiled user dll's ...
Registered in 0.001113 seconds.
Begin MonoManager ReloadAssembly
Native extension for WindowsStandalone target not found
Native extension for WebGL target not found
Refreshing native plugins compatible for Editor in 0.34 ms, found 1 plugins.
Preloading 0 native plugins for Editor in 0.00 ms.
Invoked RoslynAnalysisRunner static constructor.
RoslynAnalysisRunner will not be running.
RoslynAnalysisRunner has terminated.
Mono: successfully reloaded assembly
- Completed reload, in  1.177 seconds
Platform modules already initialized, skipping
Refreshing native plugins compatible for Editor in 0.57 ms, found 1 plugins.
Preloading 0 native plugins for Editor in 0.00 ms.
Unloading 1790 Unused Serialized files (Serialized files now loaded: 0)
System memory in use before: 89.0 MB.
System memory in use after: 89.0 MB.

Unloading 12 unused Assets to reduce memory usage. Loaded Objects now: 2385.
Total: 2.503900 ms (FindLiveObjects: 0.331300 ms CreateObjectMapping: 0.206600 ms MarkObjects: 1.876600 ms  DeleteObjects: 0.087200 ms)

========================================================================
Received Prepare
Registering precompiled user dll's ...
Registered in 0.001086 seconds.
Begin MonoManager ReloadAssembly
Native extension for WindowsStandalone target not found
Native extension for WebGL target not found
Refreshing native plugins compatible for Editor in 0.40 ms, found 1 plugins.
Preloading 0 native plugins for Editor in 0.00 ms.
Invoked RoslynAnalysisRunner static constructor.
RoslynAnalysisRunner will not be running.
RoslynAnalysisRunner has terminated.
Mono: successfully reloaded assembly
- Completed reload, in  1.288 seconds
Platform modules already initialized, skipping
Refreshing native plugins compatible for Editor in 0.46 ms, found 1 plugins.
Preloading 0 native plugins for Editor in 0.00 ms.
Unloading 1790 Unused Serialized files (Serialized files now loaded: 0)
System memory in use before: 89.1 MB.
System memory in use after: 89.1 MB.

Unloading 12 unused Assets to reduce memory usage. Loaded Objects now: 2388.
Total: 2.760700 ms (FindLiveObjects: 0.237300 ms CreateObjectMapping: 0.075000 ms MarkObjects: 2.327800 ms  DeleteObjects: 0.118800 ms)

========================================================================
Received Prepare
Registering precompiled user dll's ...
Registered in 0.001036 seconds.
Begin MonoManager ReloadAssembly
Native extension for WindowsStandalone target not found
Native extension for WebGL target not found
Refreshing native plugins compatible for Editor in 0.32 ms, found 1 plugins.
Preloading 0 native plugins for Editor in 0.00 ms.
Invoked RoslynAnalysisRunner static constructor.
RoslynAnalysisRunner will not be running.
RoslynAnalysisRunner has terminated.
Mono: successfully reloaded assembly
- Completed reload, in  1.306 seconds
Platform modules already initialized, skipping
Refreshing native plugins compatible for Editor in 0.33 ms, found 1 plugins.
Preloading 0 native plugins for Editor in 0.00 ms.
Unloading 1790 Unused Serialized files (Serialized files now loaded: 0)
System memory in use before: 89.2 MB.
System memory in use after: 89.2 MB.

Unloading 12 unused Assets to reduce memory usage. Loaded Objects now: 2391.
Total: 4.434700 ms (FindLiveObjects: 0.372900 ms CreateObjectMapping: 0.154000 ms MarkObjects: 3.696200 ms  DeleteObjects: 0.208800 ms)

========================================================================
Received Prepare
Registering precompiled user dll's ...
Registered in 0.001125 seconds.
Begin MonoManager ReloadAssembly
Native extension for WindowsStandalone target not found
Native extension for WebGL target not found
Refreshing native plugins compatible for Editor in 0.34 ms, found 1 plugins.
Preloading 0 native plugins for Editor in 0.00 ms.
Invoked RoslynAnalysisRunner static constructor.
RoslynAnalysisRunner will not be running.
RoslynAnalysisRunner has terminated.
Mono: successfully reloaded assembly
- Completed reload, in  1.206 seconds
Platform modules already initialized, skipping
Refreshing native plugins compatible for Editor in 0.32 ms, found 1 plugins.
Preloading 0 native plugins for Editor in 0.00 ms.
Unloading 1790 Unused Serialized files (Serialized files now loaded: 0)
System memory in use before: 89.2 MB.
System memory in use after: 89.2 MB.

Unloading 12 unused Assets to reduce memory usage. Loaded Objects now: 2394.
Total: 2.265900 ms (FindLiveObjects: 0.221300 ms CreateObjectMapping: 0.097600 ms MarkObjects: 1.848800 ms  DeleteObjects: 0.097100 ms)

========================================================================
Received Prepare
Registering precompiled user dll's ...
Registered in 0.001051 seconds.
Begin MonoManager ReloadAssembly
Native extension for WindowsStandalone target not found
Native extension for WebGL target not found
Refreshing native plugins compatible for Editor in 0.35 ms, found 1 plugins.
Preloading 0 native plugins for Editor in 0.00 ms.
Invoked RoslynAnalysisRunner static constructor.
RoslynAnalysisRunner will not be running.
RoslynAnalysisRunner has terminated.
Mono: successfully reloaded assembly
- Completed reload, in  1.309 seconds
Platform modules already initialized, skipping
Refreshing native plugins compatible for Editor in 0.33 ms, found 1 plugins.
Preloading 0 native plugins for Editor in 0.00 ms.
Unloading 1790 Unused Serialized files (Serialized files now loaded: 0)
System memory in use before: 89.3 MB.
System memory in use after: 89.3 MB.

Unloading 12 unused Assets to reduce memory usage. Loaded Objects now: 2397.
Total: 2.638400 ms (FindLiveObjects: 0.244800 ms CreateObjectMapping: 0.083000 ms MarkObjects: 2.189300 ms  DeleteObjects: 0.120000 ms)

========================================================================
Received Prepare
Registering precompiled user dll's ...
Registered in 0.001102 seconds.
Begin MonoManager ReloadAssembly
Native extension for WindowsStandalone target not found
Native extension for WebGL target not found
Refreshing native plugins compatible for Editor in 0.34 ms, found 1 plugins.
Preloading 0 native plugins for Editor in 0.00 ms.
Invoked RoslynAnalysisRunner static constructor.
RoslynAnalysisRunner will not be running.
RoslynAnalysisRunner has terminated.
Mono: successfully reloaded assembly
- Completed reload, in  1.331 seconds
Platform modules already initialized, skipping
Refreshing native plugins compatible for Editor in 0.33 ms, found 1 plugins.
Preloading 0 native plugins for Editor in 0.00 ms.
Unloading 1790 Unused Serialized files (Serialized files now loaded: 0)
System memory in use before: 89.4 MB.
System memory in use after: 89.4 MB.

Unloading 12 unused Assets to reduce memory usage. Loaded Objects now: 2400.
Total: 2.788200 ms (FindLiveObjects: 0.229900 ms CreateObjectMapping: 0.078100 ms MarkObjects: 2.362600 ms  DeleteObjects: 0.116100 ms)

========================================================================
Received Import Request.
  Time since last request: 427.521170 seconds.
  path: Assets/Scenes/Carp.unity
  artifactKey: Guid(eeb18613ea277834ca2335f6639765b5) Importer(815301076,1909f56bfc062723c751e8b465ee728b)
Start importing Assets/Scenes/Carp.unity using Guid(eeb18613ea277834ca2335f6639765b5) Importer(815301076,1909f56bfc062723c751e8b465ee728b)  -> (artifact id: 'd5d64b6abd8933a11935b4d9dea47c89') in 0.013363 seconds
  Import took 0.018818 seconds .

========================================================================
Received Import Request.
  Time since last request: 81.007424 seconds.
  path: Assets/Scripts/Toplama.cs
  artifactKey: Guid(6c49e54a4308d5d40b4a6d4edd64152a) Importer(815301076,1909f56bfc062723c751e8b465ee728b)
Start importing Assets/Scripts/Toplama.cs using Guid(6c49e54a4308d5d40b4a6d4edd64152a) Importer(815301076,1909f56bfc062723c751e8b465ee728b)  -> (artifact id: 'f243e5b2166176ffd20aed076d1377c1') in 0.003530 seconds
  Import took 0.008568 seconds .

========================================================================
Received Import Request.
  Time since last request: 1.636919 seconds.
  path: Assets/Scripts/Toplama1.cs
  artifactKey: Guid(aaa5e8a35ebc91b49a555c70b81a6442) Importer(815301076,1909f56bfc062723c751e8b465ee728b)
Start importing Assets/Scripts/Toplama1.cs using Guid(aaa5e8a35ebc91b49a555c70b81a6442) Importer(815301076,1909f56bfc062723c751e8b465ee728b)  -> (artifact id: '71833306af81295121db81aa214b3b2a') in 0.004043 seconds
  Import took 0.011452 seconds .

========================================================================
Received Import Request.
  Time since last request: 0.002160 seconds.
  path: Assets/Scripts/Toplama1.cs
  artifactKey: Guid(aaa5e8a35ebc91b49a555c70b81a6442) Importer(815301076,1909f56bfc062723c751e8b465ee728b)
Start importing Assets/Scripts/Toplama1.cs using Guid(aaa5e8a35ebc91b49a555c70b81a6442) Importer(815301076,1909f56bfc062723c751e8b465ee728b)  -> (artifact id: '71833306af81295121db81aa214b3b2a') in 0.003692 seconds
  Import took 0.009393 seconds .

========================================================================
Received Import Request.
  Time since last request: 7.740564 seconds.
  path: Assets/Scripts/Carpma.cs
  artifactKey: Guid(aaa5e8a35ebc91b49a555c70b81a6442) Importer(815301076,1909f56bfc062723c751e8b465ee728b)
Start importing Assets/Scripts/Carpma.cs using Guid(aaa5e8a35ebc91b49a555c70b81a6442) Importer(815301076,1909f56bfc062723c751e8b465ee728b)  -> (artifact id: 'e3ef3905149cf47fbd4eea01df4cc1e3') in 0.003175 seconds
  Import took 0.008834 seconds .

========================================================================
Received Prepare
Registering precompiled user dll's ...
Registered in 0.001431 seconds.
Begin MonoManager ReloadAssembly
Native extension for WindowsStandalone target not found
Native extension for WebGL target not found
Refreshing native plugins compatible for Editor in 0.33 ms, found 1 plugins.
Preloading 0 native plugins for Editor in 0.00 ms.
Invoked RoslynAnalysisRunner static constructor.
RoslynAnalysisRunner will not be running.
RoslynAnalysisRunner has terminated.
Mono: successfully reloaded assembly
- Completed reload, in  1.259 seconds
Platform modules already initialized, skipping
Refreshing native plugins compatible for Editor in 0.35 ms, found 1 plugins.
Preloading 0 native plugins for Editor in 0.00 ms.
Unloading 1790 Unused Serialized files (Serialized files now loaded: 0)
System memory in use before: 89.5 MB.
System memory in use after: 89.5 MB.

Unloading 12 unused Assets to reduce memory usage. Loaded Objects now: 2403.
Total: 1.955700 ms (FindLiveObjects: 0.300100 ms CreateObjectMapping: 0.105500 ms MarkObjects: 1.463300 ms  DeleteObjects: 0.085700 ms)

========================================================================
Received Import Request.
  Time since last request: 30.149367 seconds.
  path: Assets/Scripts/Carpma.cs
  artifactKey: Guid(aaa5e8a35ebc91b49a555c70b81a6442) Importer(815301076,1909f56bfc062723c751e8b465ee728b)
Start importing Assets/Scripts/Carpma.cs using Guid(aaa5e8a35ebc91b49a555c70b81a6442) Importer(815301076,1909f56bfc062723c751e8b465ee728b)  -> (artifact id: 'c2545e79ca2df9cfdaf798e9aef5a3b6') in 0.004502 seconds
  Import took 0.009597 seconds .

========================================================================
Received Import Request.
  Time since last request: 0.002622 seconds.
  path: Assets/Scripts/Carpma.cs
  artifactKey: Guid(aaa5e8a35ebc91b49a555c70b81a6442) Importer(815301076,1909f56bfc062723c751e8b465ee728b)
Start importing Assets/Scripts/Carpma.cs using Guid(aaa5e8a35ebc91b49a555c70b81a6442) Importer(815301076,1909f56bfc062723c751e8b465ee728b)  -> (artifact id: 'c2545e79ca2df9cfdaf798e9aef5a3b6') in 0.003060 seconds
  Import took 0.008123 seconds .

========================================================================
Received Prepare
Registering precompiled user dll's ...
Registered in 0.001125 seconds.
Begin MonoManager ReloadAssembly
Native extension for WindowsStandalone target not found
Native extension for WebGL target not found
Refreshing native plugins compatible for Editor in 0.46 ms, found 1 plugins.
Preloading 0 native plugins for Editor in 0.00 ms.
Invoked RoslynAnalysisRunner static constructor.
RoslynAnalysisRunner will not be running.
RoslynAnalysisRunner has terminated.
Mono: successfully reloaded assembly
- Completed reload, in  1.246 seconds
Platform modules already initialized, skipping
Refreshing native plugins compatible for Editor in 0.34 ms, found 1 plugins.
Preloading 0 native plugins for Editor in 0.00 ms.
Unloading 1791 Unused Serialized files (Serialized files now loaded: 0)
System memory in use before: 89.6 MB.
System memory in use after: 89.6 MB.

Unloading 12 unused Assets to reduce memory usage. Loaded Objects now: 2407.
Total: 2.117100 ms (FindLiveObjects: 0.189100 ms CreateObjectMapping: 0.066200 ms MarkObjects: 1.777300 ms  DeleteObjects: 0.083600 ms)

========================================================================
Received Prepare
Registering precompiled user dll's ...
Registered in 0.001015 seconds.
Begin MonoManager ReloadAssembly
Native extension for WindowsStandalone target not found
Native extension for WebGL target not found
Refreshing native plugins compatible for Editor in 0.34 ms, found 1 plugins.
Preloading 0 native plugins for Editor in 0.00 ms.
Invoked RoslynAnalysisRunner static constructor.
RoslynAnalysisRunner will not be running.
RoslynAnalysisRunner has terminated.
Mono: successfully reloaded assembly
- Completed reload, in  1.279 seconds
Platform modules already initialized, skipping
Refreshing native plugins compatible for Editor in 0.32 ms, found 1 plugins.
Preloading 0 native plugins for Editor in 0.00 ms.
Unloading 1791 Unused Serialized files (Serialized files now loaded: 0)
System memory in use before: 89.6 MB.
System memory in use after: 89.6 MB.

Unloading 12 unused Assets to reduce memory usage. Loaded Objects now: 2410.
Total: 3.905700 ms (FindLiveObjects: 0.373400 ms CreateObjectMapping: 0.129900 ms MarkObjects: 3.226000 ms  DeleteObjects: 0.173900 ms)

========================================================================
Received Import Request.
  Time since last request: 80.424838 seconds.
  path: Assets/Scripts/Carpma.cs
  artifactKey: Guid(aaa5e8a35ebc91b49a555c70b81a6442) Importer(815301076,1909f56bfc062723c751e8b465ee728b)
Start importing Assets/Scripts/Carpma.cs using Guid(aaa5e8a35ebc91b49a555c70b81a6442) Importer(815301076,1909f56bfc062723c751e8b465ee728b)  -> (artifact id: 'daef857eab7accd6f73ea1b2a1e2150c') in 0.009265 seconds
  Import took 0.018836 seconds .

========================================================================
Received Prepare
Registering precompiled user dll's ...
Registered in 0.001109 seconds.
Begin MonoManager ReloadAssembly
Native extension for WindowsStandalone target not found
Native extension for WebGL target not found
Refreshing native plugins compatible for Editor in 0.44 ms, found 1 plugins.
Preloading 0 native plugins for Editor in 0.00 ms.
Invoked RoslynAnalysisRunner static constructor.
RoslynAnalysisRunner will not be running.
RoslynAnalysisRunner has terminated.
Mono: successfully reloaded assembly
- Completed reload, in  1.317 seconds
Platform modules already initialized, skipping
Refreshing native plugins compatible for Editor in 0.32 ms, found 1 plugins.
Preloading 0 native plugins for Editor in 0.00 ms.
Unloading 1791 Unused Serialized files (Serialized files now loaded: 0)
System memory in use before: 88.8 MB.
System memory in use after: 88.8 MB.

Unloading 12 unused Assets to reduce memory usage. Loaded Objects now: 2413.
Total: 2.190000 ms (FindLiveObjects: 0.238400 ms CreateObjectMapping: 0.118800 ms MarkObjects: 1.736100 ms  DeleteObjects: 0.095400 ms)

========================================================================
Received Import Request.
  Time since last request: 730.475138 seconds.
  path: Assets/Scripts/Carpma.cs
  artifactKey: Guid(aaa5e8a35ebc91b49a555c70b81a6442) Importer(815301076,1909f56bfc062723c751e8b465ee728b)
Start importing Assets/Scripts/Carpma.cs using Guid(aaa5e8a35ebc91b49a555c70b81a6442) Importer(815301076,1909f56bfc062723c751e8b465ee728b)  -> (artifact id: '5c0f71eae04930af7e5c1288e497ca3a') in 0.004628 seconds
  Import took 0.009643 seconds .

========================================================================
Received Import Request.
  Time since last request: 260.008607 seconds.
  path: Assets/Images/carpma.png
  artifactKey: Guid(f7901aaae4d575846a9adafb1054a7d8) Importer(815301076,1909f56bfc062723c751e8b465ee728b)
Start importing Assets/Images/carpma.png using Guid(f7901aaae4d575846a9adafb1054a7d8) Importer(815301076,1909f56bfc062723c751e8b465ee728b)  -> (artifact id: '5e7c5798e712b4a33f6840face30c0ba') in 0.060626 seconds
  Import took 0.066090 seconds .

========================================================================
Received Prepare
Registering precompiled user dll's ...
Registered in 0.002154 seconds.
Begin MonoManager ReloadAssembly
Native extension for WindowsStandalone target not found
Native extension for WebGL target not found
Refreshing native plugins compatible for Editor in 0.38 ms, found 1 plugins.
Preloading 0 native plugins for Editor in 0.00 ms.
Invoked RoslynAnalysisRunner static constructor.
RoslynAnalysisRunner will not be running.
RoslynAnalysisRunner has terminated.
Mono: successfully reloaded assembly
- Completed reload, in  1.294 seconds
Platform modules already initialized, skipping
Refreshing native plugins compatible for Editor in 0.82 ms, found 1 plugins.
Preloading 0 native plugins for Editor in 0.00 ms.
Unloading 1791 Unused Serialized files (Serialized files now loaded: 0)
System memory in use before: 88.8 MB.
System memory in use after: 88.8 MB.

Unloading 12 unused Assets to reduce memory usage. Loaded Objects now: 2417.
Total: 2.689400 ms (FindLiveObjects: 0.194700 ms CreateObjectMapping: 0.056300 ms MarkObjects: 2.302200 ms  DeleteObjects: 0.134700 ms)

========================================================================
Received Import Request.
  Time since last request: 287.637292 seconds.
  path: Assets/Scenes/Bol.unity
  artifactKey: Guid(04531e071985d1b4c926677db1cdf5a2) Importer(815301076,1909f56bfc062723c751e8b465ee728b)
Start importing Assets/Scenes/Bol.unity using Guid(04531e071985d1b4c926677db1cdf5a2) Importer(815301076,1909f56bfc062723c751e8b465ee728b)  -> (artifact id: 'f211a4a8dcff9db0be348e44e4987e37') in 0.012027 seconds
  Import took 0.017252 seconds .

========================================================================
Received Import Request.
  Time since last request: 344.567921 seconds.
  path: Assets/Images/bolme.png
  artifactKey: Guid(6d28104de25769049acfe983e2a4fd3a) Importer(815301076,1909f56bfc062723c751e8b465ee728b)
Start importing Assets/Images/bolme.png using Guid(6d28104de25769049acfe983e2a4fd3a) Importer(815301076,1909f56bfc062723c751e8b465ee728b)  -> (artifact id: '48bdbbbadd39936487fc8f683919112f') in 0.052382 seconds
  Import took 0.056464 seconds .

========================================================================
Received Import Request.
  Time since last request: 432.258581 seconds.
  path: Assets/Scripts/Bolme.cs
  artifactKey: Guid(8e789cf6258b6aa48860f4ebe749cd11) Importer(815301076,1909f56bfc062723c751e8b465ee728b)
Start importing Assets/Scripts/Bolme.cs using Guid(8e789cf6258b6aa48860f4ebe749cd11) Importer(815301076,1909f56bfc062723c751e8b465ee728b)  -> (artifact id: '49de6b500c76745156faf53f3d26e8d5') in 0.004233 seconds
  Import took 0.010214 seconds .

========================================================================
Received Prepare
Registering precompiled user dll's ...
Registered in 0.001982 seconds.
Begin MonoManager ReloadAssembly
Native extension for WindowsStandalone target not found
Native extension for WebGL target not found
Refreshing native plugins compatible for Editor in 0.33 ms, found 1 plugins.
Preloading 0 native plugins for Editor in 0.00 ms.
Invoked RoslynAnalysisRunner static constructor.
RoslynAnalysisRunner will not be running.
RoslynAnalysisRunner has terminated.
Mono: successfully reloaded assembly
- Completed reload, in  1.351 seconds
Platform modules already initialized, skipping
Refreshing native plugins compatible for Editor in 0.35 ms, found 1 plugins.
Preloading 0 native plugins for Editor in 0.00 ms.
Unloading 1792 Unused Serialized files (Serialized files now loaded: 0)
System memory in use before: 88.9 MB.
System memory in use after: 89.0 MB.

Unloading 12 unused Assets to reduce memory usage. Loaded Objects now: 2424.
Total: 2.693400 ms (FindLiveObjects: 0.427500 ms CreateObjectMapping: 0.079000 ms MarkObjects: 2.095500 ms  DeleteObjects: 0.089900 ms)

========================================================================
Received Prepare
Registering precompiled user dll's ...
Registered in 0.001179 seconds.
Begin MonoManager ReloadAssembly
Native extension for WindowsStandalone target not found
Native extension for WebGL target not found
Refreshing native plugins compatible for Editor in 0.34 ms, found 1 plugins.
Preloading 0 native plugins for Editor in 0.00 ms.
Invoked RoslynAnalysisRunner static constructor.
RoslynAnalysisRunner will not be running.
RoslynAnalysisRunner has terminated.
Mono: successfully reloaded assembly
- Completed reload, in  1.198 seconds
Platform modules already initialized, skipping
Refreshing native plugins compatible for Editor in 0.34 ms, found 1 plugins.
Preloading 0 native plugins for Editor in 0.00 ms.
Unloading 1792 Unused Serialized files (Serialized files now loaded: 0)
System memory in use before: 89.0 MB.
System memory in use after: 89.0 MB.

Unloading 12 unused Assets to reduce memory usage. Loaded Objects now: 2427.
Total: 1.807600 ms (FindLiveObjects: 0.181900 ms CreateObjectMapping: 0.063300 ms MarkObjects: 1.469700 ms  DeleteObjects: 0.091400 ms)

========================================================================
Received Import Request.
  Time since last request: 461.652085 seconds.
  path: Assets/Scripts/Bolme.cs
  artifactKey: Guid(8e789cf6258b6aa48860f4ebe749cd11) Importer(815301076,1909f56bfc062723c751e8b465ee728b)
Start importing Assets/Scripts/Bolme.cs using Guid(8e789cf6258b6aa48860f4ebe749cd11) Importer(815301076,1909f56bfc062723c751e8b465ee728b)  -> (artifact id: '688b5061ca57cfe16266104f81c81172') in 0.005871 seconds
  Import took 0.010794 seconds .

========================================================================
Received Prepare
Registering precompiled user dll's ...
Registered in 0.001139 seconds.
Begin MonoManager ReloadAssembly
Native extension for WindowsStandalone target not found
Native extension for WebGL target not found
Refreshing native plugins compatible for Editor in 0.33 ms, found 1 plugins.
Preloading 0 native plugins for Editor in 0.00 ms.
Invoked RoslynAnalysisRunner static constructor.
RoslynAnalysisRunner will not be running.
RoslynAnalysisRunner has terminated.
Mono: successfully reloaded assembly
- Completed reload, in  1.182 seconds
Platform modules already initialized, skipping
Refreshing native plugins compatible for Editor in 0.41 ms, found 1 plugins.
Preloading 0 native plugins for Editor in 0.00 ms.
Unloading 1792 Unused Serialized files (Serialized files now loaded: 0)
System memory in use before: 89.1 MB.
System memory in use after: 89.1 MB.

Unloading 12 unused Assets to reduce memory usage. Loaded Objects now: 2430.
Total: 2.226100 ms (FindLiveObjects: 0.197000 ms CreateObjectMapping: 0.060700 ms MarkObjects: 1.881100 ms  DeleteObjects: 0.085600 ms)

========================================================================
Received Prepare
Registering precompiled user dll's ...
Registered in 0.001050 seconds.
Begin MonoManager ReloadAssembly
Native extension for WindowsStandalone target not found
Native extension for WebGL target not found
Refreshing native plugins compatible for Editor in 0.34 ms, found 1 plugins.
Preloading 0 native plugins for Editor in 0.00 ms.
Invoked RoslynAnalysisRunner static constructor.
RoslynAnalysisRunner will not be running.
RoslynAnalysisRunner has terminated.
Mono: successfully reloaded assembly
- Completed reload, in  1.176 seconds
Platform modules already initialized, skipping
Refreshing native plugins compatible for Editor in 0.35 ms, found 1 plugins.
Preloading 0 native plugins for Editor in 0.00 ms.
Unloading 1792 Unused Serialized files (Serialized files now loaded: 0)
System memory in use before: 89.2 MB.
System memory in use after: 89.2 MB.

Unloading 12 unused Assets to reduce memory usage. Loaded Objects now: 2433.
Total: 2.149400 ms (FindLiveObjects: 0.211100 ms CreateObjectMapping: 0.073000 ms MarkObjects: 1.774000 ms  DeleteObjects: 0.090000 ms)

========================================================================
Received Prepare
Registering precompiled user dll's ...
Registered in 0.001616 seconds.
Begin MonoManager ReloadAssembly
Native extension for WindowsStandalone target not found
Native extension for WebGL target not found
Refreshing native plugins compatible for Editor in 0.35 ms, found 1 plugins.
Preloading 0 native plugins for Editor in 0.00 ms.
Invoked RoslynAnalysisRunner static constructor.
RoslynAnalysisRunner will not be running.
RoslynAnalysisRunner has terminated.
Mono: successfully reloaded assembly
- Completed reload, in  1.201 seconds
Platform modules already initialized, skipping
Refreshing native plugins compatible for Editor in 0.57 ms, found 1 plugins.
Preloading 0 native plugins for Editor in 0.00 ms.
Unloading 1792 Unused Serialized files (Serialized files now loaded: 0)
System memory in use before: 89.3 MB.
System memory in use after: 89.3 MB.

Unloading 12 unused Assets to reduce memory usage. Loaded Objects now: 2436.
Total: 1.823700 ms (FindLiveObjects: 0.222500 ms CreateObjectMapping: 0.061800 ms MarkObjects: 1.453100 ms  DeleteObjects: 0.084800 ms)

========================================================================
Received Prepare
Registering precompiled user dll's ...
Registered in 0.001573 seconds.
Begin MonoManager ReloadAssembly
Native extension for WindowsStandalone target not found
Native extension for WebGL target not found
Refreshing native plugins compatible for Editor in 0.34 ms, found 1 plugins.
Preloading 0 native plugins for Editor in 0.00 ms.
Invoked RoslynAnalysisRunner static constructor.
RoslynAnalysisRunner will not be running.
RoslynAnalysisRunner has terminated.
Mono: successfully reloaded assembly
- Completed reload, in  1.215 seconds
Platform modules already initialized, skipping
Refreshing native plugins compatible for Editor in 0.79 ms, found 1 plugins.
Preloading 0 native plugins for Editor in 0.00 ms.
Unloading 1792 Unused Serialized files (Serialized files now loaded: 0)
System memory in use before: 89.3 MB.
System memory in use after: 89.4 MB.

Unloading 12 unused Assets to reduce memory usage. Loaded Objects now: 2439.
Total: 1.977800 ms (FindLiveObjects: 0.162900 ms CreateObjectMapping: 0.054300 ms MarkObjects: 1.676100 ms  DeleteObjects: 0.083800 ms)

========================================================================
Received Prepare
Registering precompiled user dll's ...
Registered in 0.001159 seconds.
Begin MonoManager ReloadAssembly
Native extension for WindowsStandalone target not found
Native extension for WebGL target not found
Refreshing native plugins compatible for Editor in 0.33 ms, found 1 plugins.
Preloading 0 native plugins for Editor in 0.00 ms.
Invoked RoslynAnalysisRunner static constructor.
RoslynAnalysisRunner will not be running.
RoslynAnalysisRunner has terminated.
Mono: successfully reloaded assembly
- Completed reload, in  1.232 seconds
Platform modules already initialized, skipping
Refreshing native plugins compatible for Editor in 0.35 ms, found 1 plugins.
Preloading 0 native plugins for Editor in 0.00 ms.
Unloading 1792 Unused Serialized files (Serialized files now loaded: 0)
System memory in use before: 89.4 MB.
System memory in use after: 89.4 MB.

Unloading 12 unused Assets to reduce memory usage. Loaded Objects now: 2442.
Total: 2.280400 ms (FindLiveObjects: 0.224000 ms CreateObjectMapping: 0.069600 ms MarkObjects: 1.896600 ms  DeleteObjects: 0.089200 ms)

========================================================================
Received Prepare
Registering precompiled user dll's ...
Registered in 0.001263 seconds.
Begin MonoManager ReloadAssembly
Native extension for WindowsStandalone target not found
Native extension for WebGL target not found
Refreshing native plugins compatible for Editor in 0.68 ms, found 1 plugins.
Preloading 0 native plugins for Editor in 0.00 ms.
Invoked RoslynAnalysisRunner static constructor.
RoslynAnalysisRunner will not be running.
RoslynAnalysisRunner has terminated.
Mono: successfully reloaded assembly
- Completed reload, in  1.571 seconds
Platform modules already initialized, skipping
Refreshing native plugins compatible for Editor in 0.59 ms, found 1 plugins.
Preloading 0 native plugins for Editor in 0.00 ms.
Unloading 1792 Unused Serialized files (Serialized files now loaded: 0)
System memory in use before: 89.5 MB.
System memory in use after: 89.5 MB.

Unloading 12 unused Assets to reduce memory usage. Loaded Objects now: 2445.
Total: 4.180300 ms (FindLiveObjects: 0.284500 ms CreateObjectMapping: 0.213000 ms MarkObjects: 3.322300 ms  DeleteObjects: 0.358400 ms)

========================================================================
Received Prepare
Registering precompiled user dll's ...
Registered in 0.001187 seconds.
Begin MonoManager ReloadAssembly
Native extension for WindowsStandalone target not found
Native extension for WebGL target not found
Refreshing native plugins compatible for Editor in 0.42 ms, found 1 plugins.
Preloading 0 native plugins for Editor in 0.00 ms.
Invoked RoslynAnalysisRunner static constructor.
RoslynAnalysisRunner will not be running.
RoslynAnalysisRunner has terminated.
Mono: successfully reloaded assembly
- Completed reload, in  1.240 seconds
Platform modules already initialized, skipping
Refreshing native plugins compatible for Editor in 0.32 ms, found 1 plugins.
Preloading 0 native plugins for Editor in 0.00 ms.
Unloading 1792 Unused Serialized files (Serialized files now loaded: 0)
System memory in use before: 89.6 MB.
System memory in use after: 89.6 MB.

Unloading 12 unused Assets to reduce memory usage. Loaded Objects now: 2448.
Total: 1.945900 ms (FindLiveObjects: 0.209400 ms CreateObjectMapping: 0.060500 ms MarkObjects: 1.587700 ms  DeleteObjects: 0.087200 ms)

========================================================================
Received Import Request.
  Time since last request: 1014.570573 seconds.
  path: Assets/Scenes/Carp.unity
  artifactKey: Guid(eeb18613ea277834ca2335f6639765b5) Importer(815301076,1909f56bfc062723c751e8b465ee728b)
Start importing Assets/Scenes/Carp.unity using Guid(eeb18613ea277834ca2335f6639765b5) Importer(815301076,1909f56bfc062723c751e8b465ee728b)  -> (artifact id: 'f84c9975c65b379b554c8eee2c17cab4') in 0.011643 seconds
  Import took 0.016115 seconds .

========================================================================
Received Import Request.
  Time since last request: 5.503207 seconds.
  path: Assets/Scenes/Bol.unity
  artifactKey: Guid(04531e071985d1b4c926677db1cdf5a2) Importer(815301076,1909f56bfc062723c751e8b465ee728b)
Start importing Assets/Scenes/Bol.unity using Guid(04531e071985d1b4c926677db1cdf5a2) Importer(815301076,1909f56bfc062723c751e8b465ee728b)  -> (artifact id: '4a8be402f8b0a03c41e10ae93ffe0c2c') in 0.003924 seconds
  Import took 0.011081 seconds .

========================================================================
Received Prepare
Registering precompiled user dll's ...
Registered in 0.001108 seconds.
Begin MonoManager ReloadAssembly
Native extension for WindowsStandalone target not found
Native extension for WebGL target not found
Refreshing native plugins compatible for Editor in 0.46 ms, found 1 plugins.
Preloading 0 native plugins for Editor in 0.00 ms.
Invoked RoslynAnalysisRunner static constructor.
RoslynAnalysisRunner will not be running.
RoslynAnalysisRunner has terminated.
Mono: successfully reloaded assembly
- Completed reload, in  1.215 seconds
Platform modules already initialized, skipping
Refreshing native plugins compatible for Editor in 0.34 ms, found 1 plugins.
Preloading 0 native plugins for Editor in 0.00 ms.
Unloading 1792 Unused Serialized files (Serialized files now loaded: 0)
System memory in use before: 89.7 MB.
System memory in use after: 89.7 MB.

Unloading 12 unused Assets to reduce memory usage. Loaded Objects now: 2451.
Total: 2.719600 ms (FindLiveObjects: 0.242900 ms CreateObjectMapping: 0.096000 ms MarkObjects: 2.261800 ms  DeleteObjects: 0.117300 ms)

========================================================================
Received Prepare
Registering precompiled user dll's ...
Registered in 0.002365 seconds.
Begin MonoManager ReloadAssembly
Native extension for WindowsStandalone target not found
Native extension for WebGL target not found
Refreshing native plugins compatible for Editor in 0.33 ms, found 1 plugins.
Preloading 0 native plugins for Editor in 0.00 ms.
Invoked RoslynAnalysisRunner static constructor.
RoslynAnalysisRunner will not be running.
RoslynAnalysisRunner has terminated.
Mono: successfully reloaded assembly
- Completed reload, in  1.227 seconds
Platform modules already initialized, skipping
Refreshing native plugins compatible for Editor in 0.31 ms, found 1 plugins.
Preloading 0 native plugins for Editor in 0.00 ms.
Unloading 1792 Unused Serialized files (Serialized files now loaded: 0)
System memory in use before: 89.8 MB.
System memory in use after: 89.8 MB.

Unloading 12 unused Assets to reduce memory usage. Loaded Objects now: 2454.
Total: 1.978300 ms (FindLiveObjects: 0.198200 ms CreateObjectMapping: 0.070800 ms MarkObjects: 1.623800 ms  DeleteObjects: 0.084200 ms)

========================================================================
Received Prepare
Refreshing native plugins compatible for Editor in 1.84 ms, found 1 plugins.
Preloading 0 native plugins for Editor in 0.00 ms.
Unloading 13 Unused Serialized files (Serialized files now loaded: 0)
System memory in use before: 54.6 MB.
System memory in use after: 54.6 MB.

Unloading 10 unused Assets to reduce memory usage. Loaded Objects now: 2454.
Total: 1.938300 ms (FindLiveObjects: 0.225300 ms CreateObjectMapping: 0.059900 ms MarkObjects: 1.566900 ms  DeleteObjects: 0.084600 ms)

========================================================================
Received Import Request.
  Time since last request: 312.906790 seconds.
  path: Assets/Scenes/Fark.unity
  artifactKey: Guid(58b1ad9dd2d9b944bb0b9c071e2b0bef) Importer(815301076,1909f56bfc062723c751e8b465ee728b)
Start importing Assets/Scenes/Fark.unity using Guid(58b1ad9dd2d9b944bb0b9c071e2b0bef) Importer(815301076,1909f56bfc062723c751e8b465ee728b)  -> (artifact id: 'fd6233698343c1509d25b5f0bde27598') in 0.012330 seconds
  Import took 0.018868 seconds .

========================================================================
Received Import Request.
  Time since last request: 30.004926 seconds.
  path: Assets/Scenes/Carp.unity
  artifactKey: Guid(eeb18613ea277834ca2335f6639765b5) Importer(815301076,1909f56bfc062723c751e8b465ee728b)
Start importing Assets/Scenes/Carp.unity using Guid(eeb18613ea277834ca2335f6639765b5) Importer(815301076,1909f56bfc062723c751e8b465ee728b)  -> (artifact id: '23585240d77c55e54b433cb6ad22e9a9') in 0.003445 seconds
  Import took 0.008841 seconds .

========================================================================
Received Prepare
Refreshing native plugins compatible for Editor in 2.58 ms, found 1 plugins.
Preloading 0 native plugins for Editor in 0.00 ms.
Unloading 10 Unused Serialized files (Serialized files now loaded: 0)
System memory in use before: 53.7 MB.
System memory in use after: 53.7 MB.

Unloading 10 unused Assets to reduce memory usage. Loaded Objects now: 2454.
Total: 4.193700 ms (FindLiveObjects: 0.420500 ms CreateObjectMapping: 0.124300 ms MarkObjects: 3.511100 ms  DeleteObjects: 0.135600 ms)

AssetImportWorkerClient::OnTransportError - code=2 error=End of file
